[    0.000000] Initializing cgroup subsys cpuset
[    0.000000] Initializing cgroup subsys cpu
[    0.000000] Initializing cgroup subsys cpuacct
[    0.000000] Linux version 4.4.0-210-generic (buildd@lgw01-amd64-009) (gcc version 5.4.0 20160609 (Ubuntu 5.4.0-6ubuntu1~16.04.12) ) #242-Ubuntu SMP Fri Apr 16 09:57:56 UTC 2021 (Ubuntu 4.4.0-210.242-generic 4.4.262)
[    0.000000] Command line: BOOT_IMAGE=/boot/vmlinuz-4.4.0-210-generic root=LABEL=cloudimg-rootfs ro console=tty1 console=ttyS0
[    0.000000] KERNEL supported cpus:
[    0.000000]   Intel GenuineIntel
[    0.000000]   AMD AuthenticAMD
[    0.000000]   Centaur CentaurHauls
[    0.000000] x86/fpu: xstate_offset[2]:  576, xstate_sizes[2]:  256
[    0.000000] x86/fpu: Supporting XSAVE feature 0x01: 'x87 floating point registers'
[    0.000000] x86/fpu: Supporting XSAVE feature 0x02: 'SSE registers'
[    0.000000] x86/fpu: Supporting XSAVE feature 0x04: 'AVX registers'
[    0.000000] x86/fpu: Enabled xstate features 0x7, context size is 832 bytes, using 'standard' format.
[    0.000000] e820: BIOS-provided physical RAM map:
[    0.000000] BIOS-e820: [mem 0x0000000000000000-0x000000000009fbff] usable
[    0.000000] BIOS-e820: [mem 0x000000000009fc00-0x000000000009ffff] reserved
[    0.000000] BIOS-e820: [mem 0x00000000000f0000-0x00000000000fffff] reserved
[    0.000000] BIOS-e820: [mem 0x0000000000100000-0x000000003ffeffff] usable
[    0.000000] BIOS-e820: [mem 0x000000003fff0000-0x000000003fffffff] ACPI data
[    0.000000] BIOS-e820: [mem 0x00000000fec00000-0x00000000fec00fff] reserved
[    0.000000] BIOS-e820: [mem 0x00000000fee00000-0x00000000fee00fff] reserved
[    0.000000] BIOS-e820: [mem 0x00000000fffc0000-0x00000000ffffffff] reserved
[    0.000000] NX (Execute Disable) protection: active
[    0.000000] SMBIOS 2.5 present.
[    0.000000] Hypervisor detected: KVM
[    0.000000] e820: last_pfn = 0x3fff0 max_arch_pfn = 0x400000000
[    0.000000] MTRR: Disabled
[    0.000000] x86/PAT: MTRRs disabled, skipping PAT initialization too.
[    0.000000] CPU MTRRs all blank - virtualized system.
[    0.000000] x86/PAT: Configuration [0-7]: WB  WT  UC- UC  WB  WT  UC- UC  
[    0.000000] found SMP MP-table at [mem 0x0009fff0-0x0009ffff] mapped at [ffff88000009fff0]
[    0.000000] Scanning 1 areas for low memory corruption
[    0.000000] RAMDISK: [mem 0x3613c000-0x37095fff]
[    0.000000] ACPI: Early table checksum verification disabled
[    0.000000] ACPI: RSDP 0x00000000000E0000 000024 (v02 VBOX  )
[    0.000000] ACPI: XSDT 0x000000003FFF0030 00003C (v01 VBOX   VBOXXSDT 00000001 ASL  00000061)
[    0.000000] ACPI: FACP 0x000000003FFF00F0 0000F4 (v04 VBOX   VBOXFACP 00000001 ASL  00000061)
[    0.000000] ACPI: DSDT 0x000000003FFF0470 002325 (v02 VBOX   VBOXBIOS 00000002 INTL 20100528)
[    0.000000] ACPI: FACS 0x000000003FFF0200 000040
[    0.000000] ACPI: FACS 0x000000003FFF0200 000040
[    0.000000] ACPI: APIC 0x000000003FFF0240 00005C (v02 VBOX   VBOXAPIC 00000001 ASL  00000061)
[    0.000000] ACPI: SSDT 0x000000003FFF02A0 0001CC (v01 VBOX   VBOXCPUT 00000002 INTL 20100528)
[    0.000000] No NUMA configuration found
[    0.000000] Faking a node at [mem 0x0000000000000000-0x000000003ffeffff]
[    0.000000] NODE_DATA(0) allocated [mem 0x3ffeb000-0x3ffeffff]
[    0.000000] kvm-clock: Using msrs 4b564d01 and 4b564d00
[    0.000000] kvm-clock: cpu 0, msr 0:3ffe3001, primary cpu clock
[    0.000000] kvm-clock: using sched offset of 3727225573 cycles
[    0.000000] clocksource: kvm-clock: mask: 0xffffffffffffffff max_cycles: 0x1cd42e4dffb, max_idle_ns: 881590591483 ns
[    0.000000] Zone ranges:
[    0.000000]   DMA      [mem 0x0000000000001000-0x0000000000ffffff]
[    0.000000]   DMA32    [mem 0x0000000001000000-0x000000003ffeffff]
[    0.000000]   Normal   empty
[    0.000000]   Device   empty
[    0.000000] Movable zone start for each node
[    0.000000] Early memory node ranges
[    0.000000]   node   0: [mem 0x0000000000001000-0x000000000009efff]
[    0.000000]   node   0: [mem 0x0000000000100000-0x000000003ffeffff]
[    0.000000] Initmem setup node 0 [mem 0x0000000000001000-0x000000003ffeffff]
[    0.000000] ACPI: PM-Timer IO Port: 0x4008
[    0.000000] IOAPIC[0]: apic_id 2, version 32, address 0xfec00000, GSI 0-23
[    0.000000] ACPI: INT_SRC_OVR (bus 0 bus_irq 0 global_irq 2 dfl dfl)
[    0.000000] ACPI: INT_SRC_OVR (bus 0 bus_irq 9 global_irq 9 low level)
[    0.000000] Using ACPI (MADT) for SMP configuration information
[    0.000000] smpboot: Allowing 2 CPUs, 0 hotplug CPUs
[    0.000000] PM: Registered nosave memory: [mem 0x00000000-0x00000fff]
[    0.000000] PM: Registered nosave memory: [mem 0x0009f000-0x0009ffff]
[    0.000000] PM: Registered nosave memory: [mem 0x000a0000-0x000effff]
[    0.000000] PM: Registered nosave memory: [mem 0x000f0000-0x000fffff]
[    0.000000] e820: [mem 0x40000000-0xfebfffff] available for PCI devices
[    0.000000] Booting paravirtualized kernel on KVM
[    0.000000] clocksource: refined-jiffies: mask: 0xffffffff max_cycles: 0xffffffff, max_idle_ns: 7645519600211568 ns
[    0.000000] setup_percpu: NR_CPUS:512 nr_cpumask_bits:512 nr_cpu_ids:2 nr_node_ids:1
[    0.000000] PERCPU: Embedded 33 pages/cpu @ffff88003fc00000 s95192 r8192 d31784 u1048576
[    0.000000] Built 1 zonelists in Node order, mobility grouping on.  Total pages: 257912
[    0.000000] Policy zone: DMA32
[    0.000000] Kernel command line: BOOT_IMAGE=/boot/vmlinuz-4.4.0-210-generic root=LABEL=cloudimg-rootfs ro console=tty1 console=ttyS0
[    0.000000] PID hash table entries: 4096 (order: 3, 32768 bytes)
[    0.000000] Memory: 996960K/1048120K available (8644K kernel code, 1332K rwdata, 4044K rodata, 1492K init, 1164K bss, 51160K reserved, 0K cma-reserved)
[    0.000000] SLUB: HWalign=64, Order=0-3, MinObjects=0, CPUs=2, Nodes=1
[    0.000000] Kernel/User page tables isolation: enabled
[    0.000000] Hierarchical RCU implementation.
[    0.000000] 	Build-time adjustment of leaf fanout to 64.
[    0.000000] 	RCU restricting CPUs from NR_CPUS=512 to nr_cpu_ids=2.
[    0.000000] RCU: Adjusting geometry for rcu_fanout_leaf=64, nr_cpu_ids=2
[    0.000000] NR_IRQS:33024 nr_irqs:440 16
[    0.000000] Console: colour VGA+ 80x25
[    0.000000] console [tty1] enabled
[    0.000000] console [ttyS0] enabled
[    0.000000] tsc: Detected 1992.002 MHz processor
[    0.233843] Calibrating delay loop (skipped) preset value.. 3984.00 BogoMIPS (lpj=7968008)
[    0.236473] pid_max: default: 32768 minimum: 301
[    0.238004] ACPI: Core revision 20150930
[    0.240591] ACPI: 2 ACPI AML tables successfully acquired and loaded
[    0.242567] Security Framework initialized
[    0.244286] Yama: becoming mindful.
[    0.245850] AppArmor: AppArmor initialized
[    0.247584] Dentry cache hash table entries: 131072 (order: 8, 1048576 bytes)
[    0.251473] Inode-cache hash table entries: 65536 (order: 7, 524288 bytes)
[    0.253651] Mount-cache hash table entries: 2048 (order: 2, 16384 bytes)
[    0.255528] Mountpoint-cache hash table entries: 2048 (order: 2, 16384 bytes)
[    0.257745] Initializing cgroup subsys io
[    0.259033] Initializing cgroup subsys memory
[    0.260426] Initializing cgroup subsys devices
[    0.261802] Initializing cgroup subsys freezer
[    0.263169] Initializing cgroup subsys net_cls
[    0.264665] Initializing cgroup subsys perf_event
[    0.266110] Initializing cgroup subsys net_prio
[    0.267496] Initializing cgroup subsys hugetlb
[    0.268939] Initializing cgroup subsys pids
[    0.286819] mce: CPU supports 0 MCE banks
[    0.288508] Last level iTLB entries: 4KB 64, 2MB 8, 4MB 8
[    0.290488] Last level dTLB entries: 4KB 64, 2MB 0, 4MB 0, 1GB 4
[    0.292689] Spectre V1 : Mitigation: usercopy/swapgs barriers and __user pointer sanitization
[    0.295735] Spectre V2 : Mitigation: Full generic retpoline
[    0.297503] Spectre V2 : Spectre v2 / SpectreRSB mitigation: Filling RSB on context switch
[    0.300030] Speculative Store Bypass: Vulnerable
[    0.301540] SRBDS: Unknown: Dependent on hypervisor status
[    0.303243] MDS: Mitigation: Clear CPU buffers
[    0.309104] Freeing SMP alternatives memory: 36K
[    0.320966] ftrace: allocating 32380 entries in 127 pages
[    0.418293] smpboot: APIC(0) Converting physical 0 to logical package 0
[    0.420531] smpboot: Max logical packages: 1
[    0.422454] x2apic enabled
[    0.423942] Switched APIC routing to physical x2apic.
[    0.427704] ..TIMER: vector=0x30 apic1=0 pin1=2 apic2=-1 pin2=-1
[    0.537861] smpboot: CPU0: Intel(R) Core(TM) i3-6006U CPU @ 2.00GHz (family: 0x6, model: 0x4e, stepping: 0x3)
[    0.541392] Performance Events: unsupported p6 CPU model 78 no PMU driver, software events only.
[    0.558858] KVM setup paravirtual spinlock
[    0.561412] x86: Booting SMP configuration:
[    0.563122] .... node  #0, CPUs:      #1
[    0.564757] kvm-clock: cpu 1, msr 0:3ffe3041, secondary cpu clock
[    0.582718] mce: CPU supports 0 MCE banks
[    0.585695] x86: Booted up 1 node, 2 CPUs
[    0.587527] smpboot: Total of 2 processors activated (7968.00 BogoMIPS)
[    0.590456] devtmpfs: initialized
[    0.594499] evm: security.selinux
[    0.595868] evm: security.SMACK64
[    0.597112] evm: security.SMACK64EXEC
[    0.598529] evm: security.SMACK64TRANSMUTE
[    0.600009] evm: security.SMACK64MMAP
[    0.601306] evm: security.ima
[    0.602444] evm: security.capability
[    0.604098] clocksource: jiffies: mask: 0xffffffff max_cycles: 0xffffffff, max_idle_ns: 7645041785100000 ns
[    0.607365] futex hash table entries: 512 (order: 3, 32768 bytes)
[    0.609719] pinctrl core: initialized pinctrl subsystem
[    0.611746] RTC time:  5:22:50, date: 10/06/21
[    0.613765] NET: Registered protocol family 16
[    0.626541] cpuidle: using governor ladder
[    0.639858] cpuidle: using governor menu
[    0.641415] PCCT header not found.
[    0.642862] ACPI: bus type PCI registered
[    0.644344] acpiphp: ACPI Hot Plug PCI Controller Driver version: 0.5
[    0.646427] PCI: Using configuration type 1 for base access
[    0.661405] ACPI: Added _OSI(Module Device)
[    0.662991] ACPI: Added _OSI(Processor Device)
[    0.664536] ACPI: Added _OSI(3.0 _SCP Extensions)
[    0.666099] ACPI: Added _OSI(Processor Aggregator Device)
[    0.668980] ACPI: Executed 1 blocks of module-level executable AML code
[    0.674153] ACPI: Interpreter enabled
[    0.675537] ACPI: (supports S0 S5)
[    0.676761] ACPI: Using IOAPIC for interrupt routing
[    0.678625] PCI: Using host bridge windows from ACPI; if necessary, use "pci=nocrs" and report a bug
[    0.687290] ACPI: PCI Root Bridge [PCI0] (domain 0000 [bus 00-ff])
[    0.689286] acpi PNP0A03:00: _OSC: OS supports [ASPM ClockPM Segments MSI]
[    0.692020] acpi PNP0A03:00: _OSC: not requesting OS control; OS requires [ExtendedConfig ASPM ClockPM MSI]
[    0.695505] acpi PNP0A03:00: fail to add MMCONFIG information, can't access extended PCI configuration space under this bridge.
[    0.700400] PCI host bridge to bus 0000:00
[    0.701967] pci_bus 0000:00: root bus resource [io  0x0000-0x0cf7 window]
[    0.704312] pci_bus 0000:00: root bus resource [io  0x0d00-0xffff window]
[    0.706488] pci_bus 0000:00: root bus resource [mem 0x000a0000-0x000bffff window]
[    0.709143] pci_bus 0000:00: root bus resource [mem 0x40000000-0xfdffffff window]
[    0.711843] pci_bus 0000:00: root bus resource [bus 00-ff]
[    0.716351] pci 0000:00:01.1: legacy IDE quirk: reg 0x10: [io  0x01f0-0x01f7]
[    0.718519] pci 0000:00:01.1: legacy IDE quirk: reg 0x14: [io  0x03f6]
[    0.720622] pci 0000:00:01.1: legacy IDE quirk: reg 0x18: [io  0x0170-0x0177]
[    0.737508] pci 0000:00:01.1: legacy IDE quirk: reg 0x1c: [io  0x0376]
[    0.759480] pci 0000:00:07.0: quirk: [io  0x4000-0x403f] claimed by PIIX4 ACPI
[    0.762007] pci 0000:00:07.0: quirk: [io  0x4100-0x410f] claimed by PIIX4 SMB
[    0.776638] ACPI: PCI Interrupt Link [LNKA] (IRQs 5 9 10 *11)
[    0.779529] ACPI: PCI Interrupt Link [LNKB] (IRQs 5 9 *10 11)
[    0.782171] ACPI: PCI Interrupt Link [LNKC] (IRQs 5 *9 10 11)
[    0.784854] ACPI: PCI Interrupt Link [LNKD] (IRQs 5 9 10 *11)
[    0.787698] ACPI: Enabled 2 GPEs in block 00 to 07
[    0.790045] vgaarb: setting as boot device: PCI:0000:00:02.0
[    0.791933] vgaarb: device added: PCI:0000:00:02.0,decodes=io+mem,owns=io+mem,locks=none
[    0.794728] vgaarb: loaded
[    0.795865] vgaarb: bridge control possible 0000:00:02.0
[    0.797973] SCSI subsystem initialized
[    0.799629] ACPI: bus type USB registered
[    0.801087] usbcore: registered new interface driver usbfs
[    0.802879] usbcore: registered new interface driver hub
[    0.804619] usbcore: registered new device driver usb
[    0.808483] PCI: Using ACPI for IRQ routing
[    0.810459] NetLabel: Initializing
[    0.811955] NetLabel:  domain hash size = 128
[    0.813422] NetLabel:  protocols = UNLABELED CIPSOv4
[    0.815110] NetLabel:  unlabeled traffic allowed by default
[    0.817292] amd_nb: Cannot enumerate AMD northbridges
[    0.819212] clocksource: Switched to clocksource kvm-clock
[    0.832411] AppArmor: AppArmor Filesystem Enabled
[    0.834074] pnp: PnP ACPI init
[    0.836395] pnp: PnP ACPI: found 3 devices
[    0.850835] clocksource: acpi_pm: mask: 0xffffff max_cycles: 0xffffff, max_idle_ns: 2085701024 ns
[    0.854046] NET: Registered protocol family 2
[    0.855785] TCP established hash table entries: 8192 (order: 4, 65536 bytes)
[    0.857945] TCP bind hash table entries: 8192 (order: 5, 131072 bytes)
[    0.860110] TCP: Hash tables configured (established 8192 bind 8192)
[    0.862234] UDP hash table entries: 512 (order: 2, 16384 bytes)
[    0.864273] UDP-Lite hash table entries: 512 (order: 2, 16384 bytes)
[    0.866313] NET: Registered protocol family 1
[    0.867950] pci 0000:00:00.0: Limiting direct PCI/PCI transfers
[    0.869856] pci 0000:00:01.0: Activating ISA DMA hang workarounds
[    0.872051] Unpacking initramfs...
[    1.256949] Freeing initrd memory: 15720K
[    1.258388] clocksource: tsc: mask: 0xffffffffffffffff max_cycles: 0x396d566cf43, max_idle_ns: 881590760263 ns
[    1.261378] platform rtc_cmos: registered platform RTC device (no PNP device found)
[    1.263861] Scanning for low memory corruption every 60 seconds
[    1.266016] audit: initializing netlink subsys (disabled)
[    1.267697] audit: type=2000 audit(1633497775.787:1): initialized
[    1.269976] Initialise system trusted keyring
[    1.272095] HugeTLB registered 2 MB page size, pre-allocated 0 pages
[    1.275976] zbud: loaded
[    1.277658] VFS: Disk quotas dquot_6.6.0
[    1.279149] VFS: Dquot-cache hash table entries: 512 (order 0, 4096 bytes)
[    1.282032] squashfs: version 4.0 (2009/01/31) Phillip Lougher
[    1.284381] fuse init (API version 7.23)
[    1.285921] Key type big_key registered
[    1.287362] Allocating IMA MOK and blacklist keyrings.
[    1.293763] Key type asymmetric registered
[    1.295342] Asymmetric key parser 'x509' registered
[    1.297128] Block layer SCSI generic (bsg) driver version 0.4 loaded (major 249)
[    1.299623] io scheduler noop registered
[    1.300898] io scheduler deadline registered (default)
[    1.302494] io scheduler cfq registered
[    1.303982] pci_hotplug: PCI Hot Plug PCI Core version: 0.5
[    1.305646] pciehp: PCI Express Hot Plug Controller Driver version: 0.4
[    1.307773] ACPI: AC Adapter [AC] (on-line)
[    1.309178] input: Power Button as /devices/LNXSYSTM:00/LNXPWRBN:00/input/input0
[    1.311531] ACPI: Power Button [PWRF]
[    1.312879] input: Sleep Button as /devices/LNXSYSTM:00/LNXSLPBN:00/input/input1
[    1.315278] ACPI: Sleep Button [SLPF]
[    1.316832] GHES: HEST is not enabled!
[    1.319058] ACPI: Battery Slot [BAT0] (battery present)
[    1.320758] Serial: 8250/16550 driver, 32 ports, IRQ sharing enabled
[    1.343819] 00:02: ttyS0 at I/O 0x3f8 (irq = 4, base_baud = 115200) is a 16550A
[    1.347972] Linux agpgart interface v0.103
[    1.352553] loop: module loaded
[    1.354711] scsi host0: ata_piix
[    1.356347] scsi host1: ata_piix
[    1.357567] ata1: PATA max UDMA/33 cmd 0x1f0 ctl 0x3f6 bmdma 0xd000 irq 14
[    1.359932] ata2: PATA max UDMA/33 cmd 0x170 ctl 0x376 bmdma 0xd008 irq 15
[    1.362370] libphy: Fixed MDIO Bus: probed
[    1.363776] tun: Universal TUN/TAP device driver, 1.6
[    1.365652] tun: (C) 1999-2004 Max Krasnyansky <maxk@qualcomm.com>
[    1.367837] PPP generic driver version 2.4.2
[    1.369409] ehci_hcd: USB 2.0 'Enhanced' Host Controller (EHCI) Driver
[    1.371666] ehci-pci: EHCI PCI platform driver
[    1.373179] ehci-platform: EHCI generic platform driver
[    1.374741] ohci_hcd: USB 1.1 'Open' Host Controller (OHCI) Driver
[    1.376621] ohci-pci: OHCI PCI platform driver
[    1.378047] ohci-platform: OHCI generic platform driver
[    1.379602] uhci_hcd: USB Universal Host Controller Interface driver
[    1.381621] i8042: PNP: PS/2 Controller [PNP0303:PS2K,PNP0f03:PS2M] at 0x60,0x64 irq 1,12
[    1.384739] serio: i8042 KBD port at 0x60,0x64 irq 1
[    1.386236] serio: i8042 AUX port at 0x60,0x64 irq 12
[    1.387898] mousedev: PS/2 mouse device common for all mice
[    1.389999] input: AT Translated Set 2 keyboard as /devices/platform/i8042/serio0/input/input2
[    1.393257] rtc_cmos rtc_cmos: rtc core: registered rtc_cmos as rtc0
[    1.395336] rtc_cmos rtc_cmos: alarms up to one day, 114 bytes nvram
[    1.397371] i2c /dev entries driver
[    1.398711] device-mapper: uevent: version 1.0.3
[    1.400679] device-mapper: ioctl: 4.34.0-ioctl (2015-10-28) initialised: dm-devel@redhat.com
[    1.403478] ledtrig-cpu: registered to indicate activity on CPUs
[    1.406847] NET: Registered protocol family 10
[    1.408904] NET: Registered protocol family 17
[    1.410437] Key type dns_resolver registered
[    1.413166] registered taskstats version 1
[    1.414661] Loading compiled-in X.509 certificates
[    1.417241] Loaded X.509 cert 'Build time autogenerated kernel key: cf00e047681d67edb2720680708b7d9498083038'
[    1.420679] zswap: loaded using pool lzo/zbud
[    1.425243] Key type trusted registered
[    1.433164] Key type encrypted registered
[    1.434589] AppArmor: AppArmor sha1 policy hashing enabled
[    1.436460] ima: No TPM chip found, activating TPM-bypass!
[    1.438266] ima: Allocated hash algorithm: sha1
[    1.439836] evm: HMAC attrs: 0x1
[    1.441984]   Magic number: 9:824:364
[    1.443518] rtc_cmos rtc_cmos: setting system clock to 2021-10-06 05:22:51 UTC (1633497771)
[    1.446697] BIOS EDD facility v0.16 2004-Jun-25, 0 devices found
[    1.448658] EDD information not available.
[    1.547730] Freeing unused kernel memory: 1492K
[    1.549554] Write protecting the kernel read-only data: 14336k
[    1.552453] Freeing unused kernel memory: 1584K
[    1.554545] Freeing unused kernel memory: 52K
Loading, please wait...
starting version 229
[    1.578009] random: systemd-udevd: uninitialized urandom read (16 bytes read, 3 bits of entropy available)
[    1.578962] random: udevadm: uninitialized urandom read (16 bytes read, 3 bits of entropy available)
[    1.579008] random: udevadm: uninitialized urandom read (16 bytes read, 3 bits of entropy available)
[    1.586656] random: systemd-udevd: uninitialized urandom read (16 bytes read, 3 bits of entropy available)
[    1.589654] random: systemd-udevd: uninitialized urandom read (16 bytes read, 3 bits of entropy available)
[    1.592623] random: systemd-udevd: uninitialized urandom read (16 bytes read, 3 bits of entropy available)
[    1.593139] random: udevadm: uninitialized urandom read (16 bytes read, 3 bits of entropy available)
[    1.593231] random: udevadm: uninitialized urandom read (16 bytes read, 3 bits of entropy available)
[    1.593511] random: udevadm: uninitialized urandom read (16 bytes read, 3 bits of entropy available)
[    1.593624] random: udevadm: uninitialized urandom read (16 bytes read, 3 bits of entropy available)
[    1.678814] e1000: Intel(R) PRO/1000 Network Driver - version 7.3.21-k8-NAPI
[    1.681373] e1000: Copyright (c) 1999-2006 Intel Corporation.
[    1.688140] [drm] Initialized drm 1.1.0 20060810
[    1.690376] Fusion MPT base driver 3.04.20
[    1.692182] Copyright (c) 1999-2008 LSI Corporation
[    1.711248] vboxvideo: loading out-of-tree module taints kernel.
[    1.714493] vboxvideo: module verification failed: signature and/or required key missing - tainting kernel
[    1.720727] vboxvideo: loading version 6.1.26 r145957
[    1.728348] Fusion MPT SPI Host driver 3.04.20
[    1.748684] AVX2 version of gcm_enc/dec engaged.
[    1.750928] AES CTR mode by8 optimization enabled
[    1.940067] input: ImExPS/2 Generic Explorer Mouse as /devices/platform/i8042/serio1/input/input4
[    2.294737] e1000 0000:00:03.0 eth0: (PCI:33MHz:32-bit) 02:be:82:6b:cc:1d
[    2.298941] e1000 0000:00:03.0 eth0: Intel(R) PRO/1000 Network Connection
[    2.302622] [drm] VRAM 01000000
[    2.304827] [TTM] Zone  kernel: Available graphics memory: 507922 kiB
[    2.307299] [TTM] Initializing pool allocator
[    2.309209] [TTM] Initializing DMA pool allocator
[    2.315032] fbcon: vboxdrmfb (fb0) is primary device
[    2.332602] Console: switching to colour frame buffer device 100x37
[    2.337152] vboxvideo 0000:00:02.0: fb0: vboxdrmfb frame buffer device
[    2.972371] [drm] Initialized vboxvideo 1.0.0 20130823 for 0000:00:02.0 on minor 0
[    2.979443] mptbase: ioc0: Initiating bringup
[    3.044954] ioc0: LSI53C1030 A0: Capabilities={Initiator}
[    3.216968] scsi host2: ioc0: LSI53C1030 A0, FwRev=00000000h, Ports=1, MaxQ=256, IRQ=20
[    3.333031] scsi 2:0:0:0: Direct-Access     VBOX     HARDDISK         1.0  PQ: 0 ANSI: 5
[    3.340427] scsi target2:0:0: Beginning Domain Validation
[    3.349904] scsi target2:0:0: Domain Validation skipping write tests
[    3.354066] scsi target2:0:0: Ending Domain Validation
[    3.357722] scsi target2:0:0: asynchronous
[    3.363062] scsi 2:0:1:0: Direct-Access     VBOX     HARDDISK         1.0  PQ: 0 ANSI: 5
[    3.368919] scsi target2:0:1: Beginning Domain Validation
[    3.376560] scsi target2:0:1: Domain Validation skipping write tests
[    3.379023] scsi target2:0:1: Ending Domain Validation
[    3.381498] scsi target2:0:1: asynchronous
[    3.400775] sd 2:0:0:0: Attached scsi generic sg0 type 0
[    3.402622] sd 2:0:0:0: [sda] 83886080 512-byte logical blocks: (42.9 GB/40.0 GiB)
[    3.405501] sd 2:0:1:0: [sdb] 20480 512-byte logical blocks: (10.5 MB/10.0 MiB)
[    3.408529] sd 2:0:1:0: Attached scsi generic sg1 type 0
[    3.410840] sd 2:0:0:0: [sda] Write Protect is off
[    3.412212] sd 2:0:1:0: [sdb] Write Protect is off
[    3.413801] sd 2:0:0:0: [sda] Incomplete mode parameter data
[    3.415421] sd 2:0:0:0: [sda] Assuming drive cache: write through
[    3.417025] sd 2:0:1:0: [sdb] Incomplete mode parameter data
[    3.418509] sd 2:0:1:0: [sdb] Assuming drive cache: write through
[    3.430154]  sda: sda1
[    3.433234] sd 2:0:0:0: [sda] Attached SCSI disk
[    3.435136] sd 2:0:1:0: [sdb] Attached SCSI disk
[    4.251762] e1000 0000:00:08.0 eth1: (PCI:33MHz:32-bit) 08:00:27:0e:9e:bd
[    4.257885] e1000 0000:00:08.0 eth1: Intel(R) PRO/1000 Network Connection
[    4.268260] e1000 0000:00:03.0 enp0s3: renamed from eth0
[    4.284400] e1000 0000:00:08.0 enp0s8: renamed from eth1
Begin: Loading essential drivers ... [    4.395963] md: linear personality registered for level -1
[    4.401530] md: multipath personality registered for level -4
[    4.406656] md: raid0 personality registered for level 0
[    4.413695] md: raid1 personality registered for level 1
[    4.487336] raid6: sse2x1   gen()  6876 MB/s
[    4.555316] raid6: sse2x1   xor()  5112 MB/s
[    4.623293] raid6: sse2x2   gen()  7945 MB/s
[    4.691321] raid6: sse2x2   xor()  3942 MB/s
[    4.759273] raid6: sse2x4   gen()  7887 MB/s
[    4.827298] raid6: sse2x4   xor()  6512 MB/s
[    4.895329] raid6: avx2x1   gen() 12146 MB/s
[    4.963319] raid6: avx2x2   gen() 15371 MB/s
[    5.031300] raid6: avx2x4   gen() 17124 MB/s
[    5.032649] raid6: using algorithm avx2x4 gen() 17124 MB/s
[    5.034332] raid6: using avx2x2 recovery algorithm
[    5.037456] xor: automatically using best checksumming function:
[    5.075285]    avx       : 14624.000 MB/sec
[    5.078534] async_tx: api initialized (async)
[    5.093541] md: raid6 personality registered for level 6
[    5.095176] md: raid5 personality registered for level 5
[    5.096874] md: raid4 personality registered for level 4
[    5.107787] md: raid10 personality registered for level 10
done.
Begin: Running /scripts/init-premount ... done.
Begin: Mounting root file system ... Begin: Running /scripts/local-top ... done.
Begin: Running /scripts/local-premount ... [    5.152037] Btrfs loaded
Scanning for Btrfs filesystems
done.
Begin: Will now check root file system ... fsck from util-linux 2.27.1
[/sbin/fsck.ext4 (1) -- /dev/sda1] fsck.ext4 -a -C0 /dev/sda1 
cloudimg-rootfs: recovering journal
cloudimg-rootfs: clean, 65688/5120000 files, 644081/10485499 blocks
done.
[    5.268089] EXT4-fs (sda1): mounted filesystem with ordered data mode. Opts: (null)
done.
Begin: Running /scripts/local-bottom ... done.
Begin: Running /scripts/init-bottom ... done.
[    5.413390] systemd[1]: systemd 229 running in system mode. (+PAM +AUDIT +SELINUX +IMA +APPARMOR +SMACK +SYSVINIT +UTMP +LIBCRYPTSETUP +GCRYPT +GNUTLS +ACL +XZ -LZ4 +SECCOMP +BLKID +ELFUTILS +KMOD -IDN)
[    5.418636] systemd[1]: Detected virtualization oracle.
[    5.420244] systemd[1]: Detected architecture x86-64.

Welcome to [1mUbuntu 16.04.7 LTS[0m!

[    5.425994] systemd[1]: Set hostname to <web01>.
[    5.627547] systemd[1]: Listening on fsck to fsckd communication Socket.
[[0;32m  OK  [0m] Listening on fsck to fsckd communication Socket.
[    5.630863] systemd[1]: Listening on udev Control Socket.
[[0;32m  OK  [0m] Listening on udev Control Socket.
[    5.633536] systemd[1]: Listening on Device-mapper event daemon FIFOs.
[[0;32m  OK  [0m] Listening on Device-mapper event daemon FIFOs.
[    5.636926] systemd[1]: Created slice User and Session Slice.
[[0;32m  OK  [0m] Created slice User and Session Slice.
[    5.639647] systemd[1]: Reached target Encrypted Volumes.
[[0;32m  OK  [0m] Reached target Encrypted Volumes.
[    5.642165] systemd[1]: Reached target Swap.
[[0;32m  OK  [0m] Reached target Swap.
[    5.644513] systemd[1]: Listening on Syslog Socket.
[[0;32m  OK  [0m] Listening on Syslog Socket.
[    5.646977] systemd[1]: Listening on Journal Audit Socket.
[[0;32m  OK  [0m] Listening on Journal Audit Socket.
[    5.649621] systemd[1]: Reached target User and Group Name Lookups.
[[0;32m  OK  [0m] Reached target User and Group Name Lookups.
[    5.652638] systemd[1]: Listening on Journal Socket.
[[0;32m  OK  [0m] Listening on Journal Socket.
[    5.655195] systemd[1]: Listening on LVM2 poll daemon socket.
[[0;32m  OK  [0m] Listening on LVM2 poll daemon socket.
[    5.657902] systemd[1]: Listening on /dev/initctl Compatibility Named Pipe.
[[0;32m  OK  [0m] Listening on /dev/initctl Compatibility Named Pipe.
[    5.661204] systemd[1]: Set up automount Arbitrary Executable File Formats File System Automount Point.
[[0;32m  OK  [0m] Set up automount Arbitrary Executab...ats File System Automount Point.
[    5.665618] systemd[1]: Started Trigger resolvconf update for networkd DNS.
[[0;32m  OK  [0m] Started Trigger resolvconf update for networkd DNS.
[    5.668847] systemd[1]: Reached target System Time Synchronized.
[[0;32m  OK  [0m] Reached target System Time Synchronized.
[    5.672034] systemd[1]: Listening on Journal Socket (/dev/log).
[[0;32m  OK  [0m] Listening on Journal Socket (/dev/log).
[    5.675188] systemd[1]: Listening on udev Kernel Socket.
[[0;32m  OK  [0m] Listening on udev Kernel Socket.
[    5.678346] systemd[1]: Created slice System Slice.
[[0;32m  OK  [0m] Created slice System Slice.
[    5.695366] systemd[1]: Mounting POSIX Message Queue File System...
         Mounting POSIX Message Queue File System...
[    5.700224] systemd[1]: Starting Nameserver information manager...
         Starting Nameserver information manager...
[    5.708740] systemd[1]: Starting Load Kernel Modules...
         Starting Load Kernel Modules...
[    5.712536] systemd[1]: Starting Create list of required static device nodes for the current kernel...
         Starting Create list of required st... nodes for the current kernel...
[    5.719152] systemd[1]: Starting Journal Service...
         Starting Journal Service...
[    5.724073] systemd[1]: Starting Set console keymap...
         Starting Set console keymap...
[    5.728028] systemd[1]: Mounting Debug File System...
         Mounting Debug File System...
[    5.730657] Loading iSCSI transport class v2.0-870.
[    5.734171] systemd[1]: Mounting Huge Pages File System...
         Mounting Huge Pages File System...
[    5.740610] systemd[1]: Created slice system-serial\x2dgetty.slice.
[[0;32m  OK  [0m] Created slice system-serial\x2dgetty.slice.
[    5.744649] iscsi: registered transport (tcp)
[    5.746924] systemd[1]: Starting Remount Root and Kernel File Systems...
         Starting Remount Root and Kernel File Systems...
[    5.751402] systemd[1]: Starting Uncomplicated firewall...
         Starting Uncomplicated firewall...
[    5.759503] systemd[1]: Reached target Slices.
[[0;32m  OK  [0m] Reached target Slices.
[    5.763582] systemd[1]: Started Forward Password Requests to Wall Directory Watch.
[[0;32m  OK  [0m] Started Forward Password Requests to Wall Directory Watch.
[    5.770826] systemd[1]: Listening on LVM2 metadata daemon socket.
[[0;32m  OK  [0m] Listening on LVM2 metadata daemon socket.
[    5.776213] EXT4-fs (sda1): re-mounted. Opts: (null)
[    5.803549] systemd[1]: Starting Monitoring of LVM2 mirrors, snapshots etc. using dmeventd or progress polling...
         Starting Monitoring of LVM2 mirrors... dmeventd or progress polling...
[    5.816759] systemd[1]: Mounted Huge Pages File System.
[[0;32m  OK  [0m] Mounted Huge Pages File System.
[    5.828432] systemd[1]: Mounted POSIX Message Queue File System.
[[0;32m  OK  [0m] Mounted POSIX Message Queue File System.
[    5.839806] systemd[1]: Mounted Debug File System.
[[0;32m  OK  [0m] Mounted Debug File System.
[    5.844015] systemd[1]: Started Journal Service.
[[0;32m  OK  [0m] Started Journal Service.
[    5.862468] iscsi: registered transport (iser)
[[0;32m  OK  [0m] Started Load Kernel Modules.
[[0;32m  OK  [0m] Started Create list of required sta...ce nodes for the current kernel.
[[0;32m  OK  [0m] Started Set console keymap.
[[0;32m  OK  [0m] Started Remount Root and Kernel File Systems.
[[0;32m  OK  [0m] Started Uncomplicated firewall.
[[0;32m  OK  [0m] Started Nameserver information manager.
[[0;32m  OK  [0m] Started LVM2 metadata daemon.
         Starting Load/Save Random Seed...
         Starting udev Coldplug all Devices...
         Starting Create Static Device Nodes in /dev...
         Mounting FUSE Control File System...
         Starting Apply Kernel Variables...
         Starting Flush Journal to Persistent Storage...
[[0;32m  OK  [0m] Mounted FUSE Control File System.
[[0;32m  OK  [0m] Started Load/Save Random Seed.
[    5.937697] systemd-journald[381]: Received request to flush runtime journal from PID 1
[[0;32m  OK  [0m] Started Flush Journal to Persistent Storage.
[    5.949848] random: nonblocking pool is initialized
[[0;32m  OK  [0m] Started Create Static Device Nodes in /dev.
[[0;32m  OK  [0m] Started Apply Kernel Variables.
         Starting udev Kernel Device Manager...
[[0;32m  OK  [0m] Started udev Kernel Device Manager.
[[0;32m  OK  [0m] Started udev Coldplug all Devices.
[[0;32m  OK  [0m] Started Dispatch Password Requests to Console Directory Watch.
[[0;32m  OK  [0m] Found device /dev/ttyS0.
[[0;32m  OK  [0m] Listening on Load/Save RF Kill Switch Status /dev/rfkill Watch.
[[0;32m  OK  [0m] Found device 82540EM Gigabit Ethern...r (PRO/1000 MT Desktop Adapter).
[[0;32m  OK  [0m] Found device 82540EM Gigabit Ethern...r (PRO/1000 MT Desktop Adapter).
[[0;32m  OK  [0m] Started Monitoring of LVM2 mirrors,...ng dmeventd or progress polling.
[[0;32m  OK  [0m] Reached target Local File Systems (Pre).
[[0;32m  OK  [0m] Reached target Local File Systems.
         Starting Set console font and keymap...
         Starting LSB: AppArmor initialization...
         Starting Initial cloud-init job (pre-networking)...
         Starting Tell Plymouth To Write Out Runtime Data...
         Starting Create Volatile Files and Directories...
[[0;32m  OK  [0m] Started Tell Plymouth To Write Out Runtime Data.
[[0;32m  OK  [0m] Started Create Volatile Files and Directories.
         Starting Update UTMP about System Boot/Shutdown...
[[0;32m  OK  [0m] Started Update UTMP about System Boot/Shutdown.
[[0;32m  OK  [0m] Started Set console font and keymap.
[[0;32m  OK  [0m] Created slice system-getty.slice.
[[0;32m  OK  [0m] Started LSB: AppArmor initialization.
         Starting Load AppArmor profiles managed internally by snapd...
[[0;32m  OK  [0m] Started Load AppArmor profiles managed internally by snapd.
[    7.207621] cloud-init[641]: Cloud-init v. 21.1-19-gbad84ad4-0ubuntu1~16.04.2 running 'init-local' at Wed, 06 Oct 2021 05:22:57 +0000. Up 6.89 seconds.
[[0;32m  OK  [0m] Started Initial cloud-init job (pre-networking).
[[0;32m  OK  [0m] Reached target Network (Pre).
[[0;32m  OK  [0m] Started ifup for enp0s3.
[[0;32m  OK  [0m] Started ifup for enp0s8.
         Starting Raise network interfaces...
[[0;32m  OK  [0m] Started Raise network interfaces.
         Starting Initial cloud-init job (metadata service crawler)...
[[0;32m  OK  [0m] Reached target Network.
[    8.321077] cloud-init[1072]: Cloud-init v. 21.1-19-gbad84ad4-0ubuntu1~16.04.2 running 'init' at Wed, 06 Oct 2021 05:22:58 +0000. Up 7.97 seconds.
[    8.323850] cloud-init[1072]: ci-info: ++++++++++++++++++++++++++++++++++++++Net device info+++++++++++++++++++++++++++++++++++++++
[    8.326646] cloud-init[1072]: ci-info: +--------+------+-----------------------------+---------------+--------+-------------------+
[    8.329437] cloud-init[1072]: ci-info: | Device |  Up  |           Address           |      Mask     | Scope  |     Hw-Address    |
[    8.332189] cloud-init[1072]: ci-info: +--------+------+-----------------------------+---------------+--------+-------------------+
[    8.334904] cloud-init[1072]: ci-info: | enp0s3 | True |          10.0.2.15          | 255.255.255.0 | global | 02:be:82:6b:cc:1d |
[    8.344532] cloud-init[1072]: ci-info: | enp0s3 | True |  fe80::be:82ff:fe6b:cc1d/64 |       .       |  link  | 02:be:82:6b:cc:1d |
[    8.347235] cloud-init[1072]: ci-info: | enp0s8 | True |        192.168.33.11        | 255.255.255.0 | global | 08:00:27:0e:9e:bd |
[    8.349998] cloud-init[1072]: ci-info: | enp0s8 | True | fe80::a00:27ff:fe0e:9ebd/64 |       .       |  link  | 08:00:27:0e:9e:bd |
[    8.352722] cloud-init[1072]: ci-info: |   lo   | True |          127.0.0.1          |   255.0.0.0   |  host  |         .         |
[    8.355390] cloud-init[1072]: ci-info: |   lo   | True |           ::1/128           |       .       |  host  |         .         |
[    8.358147] cloud-init[1072]: ci-info: +--------+------+-----------------------------+---------------+--------+-------------------+
[    8.368589] cloud-init[1072]: ci-info: ++++++++++++++++++++++++++++Route IPv4 info++++++++++++++++++++++++++++
[    8.376516] cloud-init[1072]: ci-info: +-------+--------------+----------+---------------+-----------+-------+
[    8.379250] [[0;32m  OK  [0m] Started Initial cloud-init job (metadata service crawler).
[[0;32m  OK  [0m] Reached target Cloud-config availability.
[[0;32m  OK  [0m] Reached target Network is Online.
cloud-init[1072]: ci-info: | Route | Destination  | Gateway  |    Genmask    | Interface | Flags |
[    8.384282] cloud-init[1072]: ci-info: +-------+--------------+----------+---------------+-----------+-------+
[    8.385691] cloud-init[1072]: ci-info: |   0   |   0.0.0.0    | 10.0.2.2 |    0.0.0.0    |   enp0s3  |   UG  |
[    8.387589] cloud-init[1072]: ci-info: |   1   |   10.0.2.0   | 0.0.0.0  | 255.255.255.0 |   enp0s3  |   U   |
[    8.396483]          Starting iSCSI initiator daemon (iscsid)...
[[0;32m  OK  [0m] Reached target System Initialization.
cloud-init[1072]: ci-info: |   2   | 192.168.33.0 | 0.0.0.0  | 255.255.255.0 |   enp0s8  |   U   |
[    8.400342] cloud-init[1072]: ci-info: +-------+--------------+----------+---------------+-----------+-------+
[    8.408783] cloud-init[1072]: ci-info: +++++++++++++++++++Route IPv6 info+++++++++++++++++++
[[0;32m  OK  [0m] Started ACPI Events Check.
[[0;32m  OK  [0m] Reached target Paths.
[[0;32m  OK  [0m] Listening on D-Bus System Message Bus Socket.
[    8.413866] cloud-init[1072]: ci-info: +-------+-------------+---------+-----------+-------+
[[0;32m  OK  [0m] Started Ubuntu Advantage update messaging.
[[0;32m  OK  [0m] Listening on ACPID Listen Socket.
[[0;32m  OK  [0m] Started Daily apt download activities.
[[0;32m  OK  [0m] Started Daily apt upgrade and clean activities.
         Starting Socket activation for snappy daemon.
[    8.420255] cloud-init         Starting LXD - unix socket.
[[0;32m  OK  [0m] Started Daily Cleanup of Temporary Directories.
[[0;32m  OK  [0m] Started Message of the Day.
[[0;32m  OK  [0m] Reached target Timers.
[[0;32m  OK  [0m] Listening on UUID daemon activation socket.
[1072]: ci-info: | Route | Destination | Gateway | Interface | Flags |
[    8.431660] cloud-init[1072]: ci-info: +-------+-------------+---------+-----------+-------+
[    8.433290] cloud-init[1072]: ci-info: |   0   |  fe80::/64  |    ::   |   enp0s8  |   U   |
[    8.440477] cloud-init[1072]: ci-info: |   1   |  fe80::/64  |    ::   |   enp0s3  |   U   |
[    8.442490] cloud-init[1072]: ci-info: |   4   |   ff00::/8  |    ::   |   enp0s8  |   U   |
[    8.444339] cloud-init[1072]: ci-info: |   5   |   ff00::/8  |    ::   |   enp0s3  |   U   |
[[0;32m  OK  [0m] Listening on Socket activation for snappy daemon.
[[0;32m  OK  [0m] Listening on LXD - unix socket.
[[0;32m  OK  [0m] Reached target Sockets.
[[0;32m  OK  [0m] Reached target Basic System.
[    8.446457] [[0;32m  OK  [0m] Started FUSE filesystem for LXC.
cloud-init[1072]:          Starting /etc/rc.local Compatibility...
ci-info: +-------+-------------+---------+-----------+-------+[[0;32m  OK  [0m] Started D-Bus System Message Bus.

         Starting Accounts Service...
         Starting Login Service...
[[0;32m  OK  [0m] Started Deferred execution scheduler.
         Starting vboxadd.service...
         Starting OpenBSD Secure Shell server...
         Starting LSB: MD monitoring daemon...
         Starting LXD - container startup/shutdown...
         Starting System Logging Service...
         Starting LSB: Record successful boot for GRUB...
         Starting Snap Daemon...
[[0;32m  OK  [0m] Started Regular background program processing daemon.
[[0;32m  OK  [0m] Started ACPI event daemon.
[[0;32m  OK  [0m] Started iSCSI initiator daemon (iscsid).
[[0;32m  OK  [0m] Started /etc/rc.local Compatibility.
         Starting Login to default iSCSI targets...
[[0;32m  OK  [0m] Started Login Service.
[[0;32m  OK  [0m] Started Unattended Upgrades Shutdown.
[[0;32m  OK  [0m] Started System Logging Service.
[[0;32m  OK  [0m] Started LSB: Record successful boot for GRUB.
         Starting Authenticate and Authorize Users to Run Privileged Tasks...
[[0;32m  OK  [0m] Started LSB: MD monitoring daemon.
[[0;32m  OK  [0m] Started Login to default iSCSI targets.
[[0;32m  OK  [0m] Reached target Remote File Systems (Pre).
         Mounting /vagrant...
[[0;32m  OK  [0m] Started OpenBSD Secure Shell server.
[[0;32m  OK  [0m] Started Authenticate and Authorize Users to Run Privileged Tasks.
[[0;32m  OK  [0m] Started Accounts Service.
[[0;1;31mFAILED[0m] Failed to mount /vagrant.
See 'systemctl status vagrant.mount' for details.
[[0;1;33mDEPEND[0m] Dependency failed for Remote File Systems.
         Starting LSB: daemon to balance interrupts for SMP systems...
         Starting LSB: automatic crash report generation...
         Starting LSB: Set the CPU Frequency Scaling governor to "ondemand"...
         Starting Permit User Sessions...
[[0;32m  OK  [0m] Started Permit User Sessions.
         Starting Hold until boot process finishes up...
         Starting Terminate Plymouth Boot Screen...
[[0;32m  OK  [0m] Started LXD - container startup/shutdown.
[[0;32m  OK  [0m] Started Hold until boot process finishes up.
[[0;32m  OK  [0m] Started Terminate Plymouth Boot Screen.
[[0;32m  OK  [0m] Started Getty on tty1.
         Starting Set console scheme...
[[0;32m  OK  [0m] Started Serial Getty on ttyS0.
[[0;32m  OK  [0m] Reached target Login Prompts.
[[0;32m  OK  [0m] Started LSB: Set the CPU Frequency Scaling governor to "ondemand".
[[0;32m  OK  [0m] Started Set console scheme.
[[0;32m  OK  [0m] Started LSB: daemon to balance interrupts for SMP systems.
[[0;32m  OK  [0m] Started LSB: automatic crash report generation.
[[0;32m  OK  [0m] Started Snap Daemon.
         Starting Wait until snapd is fully seeded...
[[0;32m  OK  [0m] Started Wait until snapd is fully seeded.
         Starting Apply the settings specified in cloud-config...
[    9.949644] cloud-init[1324]: Cloud-init v. 21.1-19-gbad84ad4-0ubuntu1~16.04.2 running 'modules:config' at Wed, 06 Oct 2021 05:23:00 +0000. Up 9.79 seconds.
[[0;32m  OK  [0m] Started Apply the settings specified in cloud-config.
[[0;32m  OK  [0m] Started vboxadd.service.
         Starting vboxadd-service.service...
[[0;32m  OK  [0m] Started vboxadd-service.service.
[[0;32m  OK  [0m] Reached target Multi-User System.
         Starting Execute cloud user/final scripts...
[[0;32m  OK  [0m] Reached target Graphical Interface.
         Starting Update UTMP about System Runlevel Changes...
[[0;32m  OK  [0m] Started Update UTMP about System Runlevel Changes.
[   10.726180] cloud-init[1407]: Cloud-init v. 21.1-19-gbad84ad4-0ubuntu1~16.04.2 running 'modules:final' at Wed, 06 Oct 2021 05:23:00 +0000. Up 10.58 seconds.
[   10.728835] cloud-init[1407]: Cloud-init v. 21.1-19-gbad84ad4-0ubuntu1~16.04.2 finished at Wed, 06 Oct 2021 05:23:01 +0000. Datasource DataSourceNoCloud [seed=/dev/sdb][dsmode=net].  Up 10.71 seconds
[[0;32m  OK  [0m] Started Execute cloud user/final scripts.
[[0;32m  OK  [0m] Reached target Cloud-init target.

Ubuntu 16.04.7 LTS web01 ttyS0

web01 login: 